
다음에 접속됨: Oracle Database 11g Enterprise Edition Release 11.2.0.1.0 - 64bit Production
With the Partitioning, OLAP, Data Mining and Real Application Testing options
KO16MSWIN949 문자 설정과 AL16UTF16 NCHAR 문자 설정에서 익스포트가 종료되었습니다
서버는 AL32UTF8 문자 집합을 사용합니다 (문자집합 변환이 가능합니다)
. 스키마 이전 단계의 객체와 작업을 엑스포트합니다\r

. SCOTT 사용자를 위해 외래 함수 라이브러리 이름을 엑스포트합니다 
. PUBLIC 유형 동의어 익스포트 중
. 전용 유형 동의어 익스포트 중
. SCOTT 사용자의 객체 유형 정의를 익스포트합니다.
SCOTT의 객체를 익스포트하려고 합니다 ...
. 데이터베이스 링크 익스포트 중
. 순차 번호 익스포트 중
. 클러스터 정의 익스포트 중
. SCOTT의 테이블을 익스포트하려고 합니다 via 규정 경로...
. .                           BOARD 테이블 익스포트 중         64 행이 엑스포트됨
. .                      DEPARTMENT 테이블 익스포트 중          3 행이 엑스포트됨
EXP-00091: 불완전한 통계를 익스포트 중입니다.
EXP-00091: 불완전한 통계를 익스포트 중입니다.
. .                            DEPT 테이블 익스포트 중          4 행이 엑스포트됨
EXP-00091: 불완전한 통계를 익스포트 중입니다.
EXP-00091: 불완전한 통계를 익스포트 중입니다.
. .                             EMP 테이블 익스포트 중         14 행이 엑스포트됨
EXP-00091: 불완전한 통계를 익스포트 중입니다.
EXP-00091: 불완전한 통계를 익스포트 중입니다.
. .                           EMP01 테이블 익스포트 중          1 행이 엑스포트됨
EXP-00091: 불완전한 통계를 익스포트 중입니다.
. .                           EMP02 테이블 익스포트 중          0 행이 엑스포트됨
EXP-00091: 불완전한 통계를 익스포트 중입니다.
. .                           EMP04 테이블 익스포트 중          2 행이 엑스포트됨
EXP-00091: 불완전한 통계를 익스포트 중입니다.
. .                           EMP05 테이블 익스포트 중          0 행이 엑스포트됨
EXP-00091: 불완전한 통계를 익스포트 중입니다.
. .                           EMP06 테이블 익스포트 중          1 행이 엑스포트됨
EXP-00091: 불완전한 통계를 익스포트 중입니다.
. .                           EMP07 테이블 익스포트 중          1 행이 엑스포트됨
EXP-00091: 불완전한 통계를 익스포트 중입니다.
. .                           EMP08 테이블 익스포트 중         14 행이 엑스포트됨
EXP-00091: 불완전한 통계를 익스포트 중입니다.
. .                       PROFESSOR 테이블 익스포트 중          1 행이 엑스포트됨
EXP-00091: 불완전한 통계를 익스포트 중입니다.
EXP-00091: 불완전한 통계를 익스포트 중입니다.
. .                        SALGRADE 테이블 익스포트 중          5 행이 엑스포트됨
EXP-00091: 불완전한 통계를 익스포트 중입니다.
. .                         STUDENT 테이블 익스포트 중          1 행이 엑스포트됨
EXP-00091: 불완전한 통계를 익스포트 중입니다.
EXP-00091: 불완전한 통계를 익스포트 중입니다.
. .                      TEMPMEMBER 테이블 익스포트 중          3 행이 엑스포트됨
EXP-00091: 불완전한 통계를 익스포트 중입니다.
. .                           VISIT 테이블 익스포트 중          5 행이 엑스포트됨
EXP-00091: 불완전한 통계를 익스포트 중입니다.
EXP-00091: 불완전한 통계를 익스포트 중입니다.
. .                         ZIPCODE 테이블 익스포트 중      52144 행이 엑스포트됨
EXP-00091: 불완전한 통계를 익스포트 중입니다.
EXP-00091: 불완전한 통계를 익스포트 중입니다.
. 동의어 익스포트 중
. 뷰 익스포트 중
. 저장 프로시저 익스포트 중
. 작업을 엑스포트합니다
. 참조 무결성 제약조건 익스포트 중
. 트리거 익스포트 중
. 인덱스유형을 엑스포팅합니다
. 비트맵, 함수, 기능과 확장 가능한 인덱스들을 엑스포트합니다
. 이후 테이블 처리 익스포트 중
. 구체화된 뷰 익스포트 중
. 스냅샷 로그 익스포트 중
. 작업 대기열 익스포트 중
. 새로 고침 그룹과 하위 그룹 익스포트 중
. 차원을 엑스포트합니다
. 스키마 이후 단계의 객체와 작업을 엑스포트합니다\r

. 통계를 엑스포트합니다
익스포트가 경고를 보이며 성공적으로 끝났습니다
